::1 - - [15/Jun/2023:21:24:54 +0000] "GET /api/v1/user/login HTTP/1.1" 404 156 "-" "PostmanRuntime/7.32.2"
::1 - - [15/Jun/2023:21:25:58 +0000] "GET /api/v1/user/login HTTP/1.1" 200 16 "-" "PostmanRuntime/7.32.2"
::1 - - [15/Jun/2023:21:30:04 +0000] "GET /api/v1/library HTTP/1.1" 200 23 "-" "PostmanRuntime/7.32.2"
::1 - - [16/Jun/2023:15:48:57 +0000] "POST /api/v1/user/ HTTP/1.1" 201 159 "-" "PostmanRuntime/7.32.2"
::1 - - [16/Jun/2023:16:04:00 +0000] "POST /api/v1/user/ HTTP/1.1" 500 92 "-" "PostmanRuntime/7.32.2"
::1 - - [16/Jun/2023:16:04:37 +0000] "POST /api/v1/user/ HTTP/1.1" 500 92 "-" "PostmanRuntime/7.32.2"
::1 - - [16/Jun/2023:16:07:22 +0000] "POST /api/v1/user/ HTTP/1.1" 500 92 "-" "PostmanRuntime/7.32.2"
::1 - - [16/Jun/2023:16:08:17 +0000] "POST /api/v1/user/ HTTP/1.1" 500 125 "-" "PostmanRuntime/7.32.2"
::1 - - [16/Jun/2023:16:08:43 +0000] "POST /api/v1/user/ HTTP/1.1" 500 125 "-" "PostmanRuntime/7.32.2"
::1 - - [16/Jun/2023:16:10:20 +0000] "POST /api/v1/user/ HTTP/1.1" 500 81 "-" "PostmanRuntime/7.32.2"
::1 - - [16/Jun/2023:16:12:58 +0000] "POST /api/v1/user/ HTTP/1.1" 500 66 "-" "PostmanRuntime/7.32.2"
::1 - - [16/Jun/2023:16:22:42 +0000] "POST /api/v1/user/ HTTP/1.1" 500 53 "-" "PostmanRuntime/7.32.2"
::1 - - [16/Jun/2023:16:22:56 +0000] "POST /api/v1/user/ HTTP/1.1" 500 66 "-" "PostmanRuntime/7.32.2"
::1 - - [16/Jun/2023:16:23:42 +0000] "POST /api/v1/user/ HTTP/1.1" 500 66 "-" "PostmanRuntime/7.32.2"
::1 - - [16/Jun/2023:16:25:54 +0000] "POST /api/v1/user/ HTTP/1.1" 500 66 "-" "PostmanRuntime/7.32.2"
::1 - - [16/Jun/2023:16:26:17 +0000] "POST /api/v1/user/ HTTP/1.1" 500 66 "-" "PostmanRuntime/7.32.2"
::1 - - [16/Jun/2023:16:26:39 +0000] "POST /api/v1/user/ HTTP/1.1" 500 66 "-" "PostmanRuntime/7.32.2"
::1 - - [16/Jun/2023:16:27:03 +0000] "POST /api/v1/user/ HTTP/1.1" 500 66 "-" "PostmanRuntime/7.32.2"
::1 - - [16/Jun/2023:16:28:14 +0000] "POST /api/v1/user/ HTTP/1.1" 500 81 "-" "PostmanRuntime/7.32.2"
::1 - - [16/Jun/2023:16:29:31 +0000] "POST /api/v1/user/ HTTP/1.1" 500 66 "-" "PostmanRuntime/7.32.2"
::1 - - [16/Jun/2023:16:29:56 +0000] "POST /api/v1/user/ HTTP/1.1" 500 66 "-" "PostmanRuntime/7.32.2"
::1 - - [16/Jun/2023:16:31:04 +0000] "POST /api/v1/user/ HTTP/1.1" 201 - "-" "PostmanRuntime/7.32.2"
::1 - - [16/Jun/2023:16:32:35 +0000] "POST /api/v1/user/ HTTP/1.1" 201 159 "-" "PostmanRuntime/7.32.2"
::1 - - [16/Jun/2023:16:33:08 +0000] "POST /api/v1/user/ HTTP/1.1" 201 159 "-" "PostmanRuntime/7.32.2"
::1 - - [16/Jun/2023:16:34:38 +0000] "POST /api/v1/user/ HTTP/1.1" 500 81 "-" "PostmanRuntime/7.32.2"
::1 - - [16/Jun/2023:16:37:35 +0000] "POST /api/v1/user/ HTTP/1.1" 500 81 "-" "PostmanRuntime/7.32.2"
::1 - - [16/Jun/2023:16:41:06 +0000] "POST /api/v1/user/ HTTP/1.1" 500 57 "-" "PostmanRuntime/7.32.2"
::1 - - [16/Jun/2023:16:42:33 +0000] "POST /api/v1/user/ HTTP/1.1" 500 64 "-" "PostmanRuntime/7.32.2"
::1 - - [16/Jun/2023:16:43:26 +0000] "POST /api/v1/user/ HTTP/1.1" 500 64 "-" "PostmanRuntime/7.32.2"
::1 - - [16/Jun/2023:16:45:36 +0000] "POST /api/v1/user/ HTTP/1.1" 500 81 "-" "PostmanRuntime/7.32.2"
::1 - - [16/Jun/2023:16:46:12 +0000] "POST /api/v1/user/ HTTP/1.1" 201 214 "-" "PostmanRuntime/7.32.2"
::1 - - [16/Jun/2023:16:55:10 +0000] "POST /api/v1/user/login HTTP/1.1" 500 61 "-" "PostmanRuntime/7.32.2"
::1 - - [16/Jun/2023:16:55:57 +0000] "POST /api/v1/user/login HTTP/1.1" 200 - "-" "PostmanRuntime/7.32.2"
::1 - - [16/Jun/2023:16:56:31 +0000] "POST /api/v1/user/login HTTP/1.1" 200 5 "-" "PostmanRuntime/7.32.2"
::1 - - [16/Jun/2023:16:58:06 +0000] "POST /api/v1/user/login HTTP/1.1" 200 5 "-" "PostmanRuntime/7.32.2"
::1 - - [16/Jun/2023:16:59:02 +0000] "POST /api/v1/user/login HTTP/1.1" 200 5 "-" "PostmanRuntime/7.32.2"
::1 - - [16/Jun/2023:16:59:16 +0000] "POST /api/v1/user/login HTTP/1.1" 200 5 "-" "PostmanRuntime/7.32.2"
::1 - - [16/Jun/2023:17:00:40 +0000] "POST /api/v1/user/ HTTP/1.1" 201 222 "-" "PostmanRuntime/7.32.2"
::1 - - [16/Jun/2023:17:01:03 +0000] "POST /api/v1/user/login HTTP/1.1" 200 5 "-" "PostmanRuntime/7.32.2"
::1 - - [16/Jun/2023:17:01:25 +0000] "POST /api/v1/user/login HTTP/1.1" 200 5 "-" "PostmanRuntime/7.32.2"
::1 - - [16/Jun/2023:17:01:47 +0000] "POST /api/v1/user/login HTTP/1.1" 200 224 "-" "PostmanRuntime/7.32.2"
::1 - - [16/Jun/2023:17:02:16 +0000] "POST /api/v1/user/login HTTP/1.1" 200 - "-" "PostmanRuntime/7.32.2"
::1 - - [16/Jun/2023:17:03:21 +0000] "POST /api/v1/user/login HTTP/1.1" 200 34 "-" "PostmanRuntime/7.32.2"
::1 - - [16/Jun/2023:17:04:04 +0000] "POST /api/v1/user/login HTTP/1.1" 200 34 "-" "PostmanRuntime/7.32.2"
::1 - - [16/Jun/2023:17:04:22 +0000] "POST /api/v1/user/login HTTP/1.1" 500 81 "-" "PostmanRuntime/7.32.2"
::1 - - [16/Jun/2023:17:04:33 +0000] "POST /api/v1/user/login HTTP/1.1" 500 85 "-" "PostmanRuntime/7.32.2"
::1 - - [16/Jun/2023:17:04:42 +0000] "POST /api/v1/user/login HTTP/1.1" 200 30 "-" "PostmanRuntime/7.32.2"
::1 - - [16/Jun/2023:17:23:50 +0000] "POST /api/v1/user/ HTTP/1.1" 201 225 "-" "PostmanRuntime/7.32.2"
::1 - - [16/Jun/2023:18:18:30 +0000] "POST /api/v1/library HTTP/1.1" 201 266 "-" "PostmanRuntime/7.32.2"
::1 - - [16/Jun/2023:18:21:16 +0000] "POST /api/v1/library HTTP/1.1" 201 255 "-" "PostmanRuntime/7.32.2"
::1 - - [16/Jun/2023:18:25:48 +0000] "GET /api/v1/library/1 HTTP/1.1" 400 98 "-" "PostmanRuntime/7.32.2"
::1 - - [16/Jun/2023:18:26:46 +0000] "GET /api/v1/library/1 HTTP/1.1" 400 83 "-" "PostmanRuntime/7.32.2"
::1 - - [16/Jun/2023:18:29:05 +0000] "GET /api/v1/library/ HTTP/1.1" 200 23 "-" "PostmanRuntime/7.32.2"
::1 - - [16/Jun/2023:18:29:16 +0000] "GET /api/v1/library/1 HTTP/1.1" 400 95 "-" "PostmanRuntime/7.32.2"
::1 - - [16/Jun/2023:18:29:41 +0000] "GET /api/v1/library/1 HTTP/1.1" 400 78 "-" "PostmanRuntime/7.32.2"
::1 - - [16/Jun/2023:18:31:16 +0000] "POST /api/v1/library HTTP/1.1" 201 270 "-" "PostmanRuntime/7.32.2"
::1 - - [16/Jun/2023:18:31:29 +0000] "GET /api/v1/library/1 HTTP/1.1" 400 78 "-" "PostmanRuntime/7.32.2"
::1 - - [16/Jun/2023:18:31:38 +0000] "GET /api/v1/library/2 HTTP/1.1" 400 78 "-" "PostmanRuntime/7.32.2"
::1 - - [16/Jun/2023:18:32:47 +0000] "GET /api/v1/library/2 HTTP/1.1" 400 94 "-" "PostmanRuntime/7.32.2"
::1 - - [16/Jun/2023:18:33:45 +0000] "GET /api/v1/library/2 HTTP/1.1" 400 78 "-" "PostmanRuntime/7.32.2"
::1 - - [16/Jun/2023:18:35:53 +0000] "POST /api/v1/library HTTP/1.1" 201 270 "-" "PostmanRuntime/7.32.2"
::1 - - [16/Jun/2023:18:36:01 +0000] "GET /api/v1/library/4 HTTP/1.1" 400 78 "-" "PostmanRuntime/7.32.2"
::1 - - [16/Jun/2023:18:36:42 +0000] "POST /api/v1/library HTTP/1.1" 201 243 "-" "PostmanRuntime/7.32.2"
::1 - - [16/Jun/2023:18:37:12 +0000] "GET /api/v1/library/5 HTTP/1.1" 400 78 "-" "PostmanRuntime/7.32.2"
::1 - - [16/Jun/2023:18:37:30 +0000] "POST /api/v1/library HTTP/1.1" 201 243 "-" "PostmanRuntime/7.32.2"
::1 - - [16/Jun/2023:18:37:36 +0000] "GET /api/v1/library/6 HTTP/1.1" 400 78 "-" "PostmanRuntime/7.32.2"
::1 - - [16/Jun/2023:18:40:28 +0000] "GET /api/v1/library/ HTTP/1.1" 200 962 "-" "PostmanRuntime/7.32.2"
::1 - - [16/Jun/2023:18:51:26 +0000] "DELETE /api/v1/library/2 HTTP/1.1" 400 155 "-" "PostmanRuntime/7.32.2"
::1 - - [16/Jun/2023:18:52:12 +0000] "DELETE /api/v1/library/2 HTTP/1.1" 400 155 "-" "PostmanRuntime/7.32.2"
::1 - - [16/Jun/2023:18:53:46 +0000] "DELETE /api/v1/library/2 HTTP/1.1" 400 155 "-" "PostmanRuntime/7.32.2"
::1 - - [16/Jun/2023:18:54:02 +0000] "DELETE /api/v1/library/2 HTTP/1.1" 400 155 "-" "PostmanRuntime/7.32.2"
::1 - - [16/Jun/2023:18:55:26 +0000] "DELETE /api/v1/library/2 HTTP/1.1" 400 155 "-" "PostmanRuntime/7.32.2"
::1 - - [16/Jun/2023:18:56:38 +0000] "DELETE /api/v1/library/2 HTTP/1.1" 400 155 "-" "PostmanRuntime/7.32.2"
::1 - - [16/Jun/2023:18:57:06 +0000] "DELETE /api/v1/library/2 HTTP/1.1" 400 155 "-" "PostmanRuntime/7.32.2"
::1 - - [16/Jun/2023:19:00:46 +0000] "DELETE /api/v1/library/2 HTTP/1.1" 400 130 "-" "PostmanRuntime/7.32.2"
::1 - - [16/Jun/2023:19:01:58 +0000] "DELETE /api/v1/library/2 HTTP/1.1" 400 137 "-" "PostmanRuntime/7.32.2"
::1 - - [16/Jun/2023:19:03:35 +0000] "DELETE /api/v1/library/2 HTTP/1.1" 400 176 "-" "PostmanRuntime/7.32.2"
::1 - - [16/Jun/2023:19:04:42 +0000] "DELETE /api/v1/library/2 HTTP/1.1" 200 58 "-" "PostmanRuntime/7.32.2"
::1 - - [16/Jun/2023:19:05:19 +0000] "GET /api/v1/library/6 HTTP/1.1" 400 94 "-" "PostmanRuntime/7.32.2"
::1 - - [16/Jun/2023:19:06:01 +0000] "GET /api/v1/library/6 HTTP/1.1" 400 94 "-" "PostmanRuntime/7.32.2"
::1 - - [16/Jun/2023:19:11:10 +0000] "GET /api/v1/library/6 HTTP/1.1" 400 94 "-" "PostmanRuntime/7.32.2"
::1 - - [16/Jun/2023:19:11:49 +0000] "GET /api/v1/library/6 HTTP/1.1" 400 94 "-" "PostmanRuntime/7.32.2"
::1 - - [16/Jun/2023:19:13:35 +0000] "GET /api/v1/library/6 HTTP/1.1" 400 94 "-" "PostmanRuntime/7.32.2"
::1 - - [16/Jun/2023:19:14:11 +0000] "GET /api/v1/library/6 HTTP/1.1" 400 94 "-" "PostmanRuntime/7.32.2"
::1 - - [16/Jun/2023:19:15:19 +0000] "GET /api/v1/library/2 HTTP/1.1" 400 94 "-" "PostmanRuntime/7.32.2"
::1 - - [16/Jun/2023:19:15:39 +0000] "GET /api/v1/library/2 HTTP/1.1" 200 4 "-" "PostmanRuntime/7.32.2"
::1 - - [16/Jun/2023:19:15:47 +0000] "GET /api/v1/library/6 HTTP/1.1" 200 147 "-" "PostmanRuntime/7.32.2"
::1 - - [16/Jun/2023:19:17:08 +0000] "GET /api/v1/library/2 HTTP/1.1" 200 4 "-" "PostmanRuntime/7.32.2"
::1 - - [16/Jun/2023:19:18:25 +0000] "GET /api/v1/library/ HTTP/1.1" 200 806 "-" "PostmanRuntime/7.32.2"
::1 - - [16/Jun/2023:19:30:40 +0000] "POST /api/v1/library HTTP/1.1" 201 241 "-" "PostmanRuntime/7.32.2"
::1 - - [16/Jun/2023:19:30:45 +0000] "POST /api/v1/library HTTP/1.1" 201 243 "-" "PostmanRuntime/7.32.2"
::1 - - [16/Jun/2023:19:31:05 +0000] "DELETE /api/v1/library/2 HTTP/1.1" 200 58 "-" "PostmanRuntime/7.32.2"
::1 - - [16/Jun/2023:19:31:20 +0000] "GET /api/v1/library/2 HTTP/1.1" 200 205 "-" "PostmanRuntime/7.32.2"
::1 - - [16/Jun/2023:19:32:41 +0000] "GET /api/v1/library/ HTTP/1.1" 200 390 "-" "PostmanRuntime/7.32.2"
::1 - - [16/Jun/2023:19:33:44 +0000] "PUT /api/v1/library/2 HTTP/1.1" 200 259 "-" "PostmanRuntime/7.32.2"
::1 - - [16/Jun/2023:19:37:14 +0000] "PUT /api/v1/library/1 HTTP/1.1" 200 236 "-" "PostmanRuntime/7.32.2"
::1 - - [16/Jun/2023:19:39:32 +0000] "PUT /api/v1/library/1 HTTP/1.1" 200 236 "-" "PostmanRuntime/7.32.2"
::1 - - [16/Jun/2023:19:40:10 +0000] "PUT /api/v1/library/1 HTTP/1.1" 400 117 "-" "PostmanRuntime/7.32.2"
::1 - - [16/Jun/2023:19:40:47 +0000] "PUT /api/v1/library/1 HTTP/1.1" 400 117 "-" "PostmanRuntime/7.32.2"
::1 - - [16/Jun/2023:19:46:44 +0000] "PUT /api/v1/library/1 HTTP/1.1" 400 88 "-" "PostmanRuntime/7.32.2"
::1 - - [16/Jun/2023:19:49:04 +0000] "PUT /api/v1/library/1 HTTP/1.1" 400 88 "-" "PostmanRuntime/7.32.2"
::1 - - [16/Jun/2023:19:51:18 +0000] "PUT /api/v1/library/1 HTTP/1.1" 400 88 "-" "PostmanRuntime/7.32.2"
::1 - - [16/Jun/2023:19:52:10 +0000] "PUT /api/v1/library/1 HTTP/1.1" 200 57 "-" "PostmanRuntime/7.32.2"
::1 - - [16/Jun/2023:19:53:18 +0000] "PUT /api/v1/library/1 HTTP/1.1" 400 88 "-" "PostmanRuntime/7.32.2"
::1 - - [16/Jun/2023:19:53:55 +0000] "PUT /api/v1/library/1 HTTP/1.1" 200 57 "-" "PostmanRuntime/7.32.2"
::1 - - [16/Jun/2023:19:54:11 +0000] "GET /api/v1/library/1 HTTP/1.1" 200 192 "-" "PostmanRuntime/7.32.2"
